# JRE version: Java(TM) SE Runtime Environment (8.0_31-b13) (build 1.8.0_31-b13)
# Java VM: Java HotSpot(TM) 64-Bit Server VM (25.31-b07 mixed mode windows-amd64 compressed oops)
Heap:
 PSYoungGen      total 18944K, used 8046K [0x00000000eb000000, 0x00000000ed400000, 0x0000000100000000)
  eden space 16384K, 33% used [0x00000000eb000000,0x00000000eb56ee28,0x00000000ec000000)
  from space 2560K, 96% used [0x00000000ec000000,0x00000000ec26ca90,0x00000000ec280000)
  to   space 7168K, 0% used [0x00000000ecd00000,0x00000000ecd00000,0x00000000ed400000)
 ParOldGen       total 41984K, used 12542K [0x00000000c1000000, 0x00000000c3900000, 0x00000000eb000000)
  object space 41984K, 29% used [0x00000000c1000000,0x00000000c1c3fb88,0x00000000c3900000)
 Metaspace       used 20904K, capacity 22012K, committed 22272K, reserved 1069056K
  class space    used 3083K, capacity 3290K, committed 3328K, reserved 1048576K
GC Heap History (10 events):
Event: 3.244 GC heap before
{Heap before GC invocations=2 (full 0):
 PSYoungGen      total 18944K, used 18916K [0x00000000eb000000, 0x00000000ec500000, 0x0000000100000000)
  eden space 16384K, 100% used [0x00000000eb000000,0x00000000ec000000,0x00000000ec000000)
  from space 2560K, 98% used [0x00000000ec000000,0x00000000ec279390,0x00000000ec280000)
  to   space 2560K, 0% used [0x00000000ec280000,0x00000000ec280000,0x00000000ec500000)
 ParOldGen       total 44032K, used 464K [0x00000000c1000000, 0x00000000c3b00000, 0x00000000eb000000)
  object space 44032K, 1% used [0x00000000c1000000,0x00000000c1074018,0x00000000c3b00000)
 Metaspace       used 16744K, capacity 17390K, committed 17664K, reserved 1064960K
  class space    used 2346K, capacity 2511K, committed 2560K, reserved 1048576K
Event: 3.255 GC heap after
Heap after GC invocations=2 (full 0):
 PSYoungGen      total 18944K, used 2544K [0x00000000eb000000, 0x00000000ec500000, 0x0000000100000000)
  eden space 16384K, 0% used [0x00000000eb000000,0x00000000eb000000,0x00000000ec000000)
  from space 2560K, 99% used [0x00000000ec280000,0x00000000ec4fc030,0x00000000ec500000)
  to   space 2560K, 0% used [0x00000000ec000000,0x00000000ec000000,0x00000000ec280000)
 ParOldGen       total 44032K, used 4863K [0x00000000c1000000, 0x00000000c3b00000, 0x00000000eb000000)
  object space 44032K, 11% used [0x00000000c1000000,0x00000000c14bfdf8,0x00000000c3b00000)
 Metaspace       used 16744K, capacity 17390K, committed 17664K, reserved 1064960K
  class space    used 2346K, capacity 2511K, committed 2560K, reserved 1048576K
}
Event: 3.883 GC heap before
{Heap before GC invocations=3 (full 0):
 PSYoungGen      total 18944K, used 18928K [0x00000000eb000000, 0x00000000ec500000, 0x0000000100000000)
  eden space 16384K, 100% used [0x00000000eb000000,0x00000000ec000000,0x00000000ec000000)
  from space 2560K, 99% used [0x00000000ec280000,0x00000000ec4fc030,0x00000000ec500000)
  to   space 2560K, 0% used [0x00000000ec000000,0x00000000ec000000,0x00000000ec280000)
 ParOldGen       total 44032K, used 4863K [0x00000000c1000000, 0x00000000c3b00000, 0x00000000eb000000)
  object space 44032K, 11% used [0x00000000c1000000,0x00000000c14bfdf8,0x00000000c3b00000)
 Metaspace       used 19301K, capacity 20330K, committed 20480K, reserved 1067008K
  class space    used 2780K, capacity 2983K, committed 3072K, reserved 1048576K
Event: 3.892 GC heap after
Heap after GC invocations=3 (full 0):
 PSYoungGen      total 18944K, used 2528K [0x00000000eb000000, 0x00000000ec500000, 0x0000000100000000)
  eden space 16384K, 0% used [0x00000000eb000000,0x00000000eb000000,0x00000000ec000000)
  from space 2560K, 98% used [0x00000000ec000000,0x00000000ec278020,0x00000000ec280000)
  to   space 2560K, 0% used [0x00000000ec280000,0x00000000ec280000,0x00000000ec500000)
 ParOldGen       total 44032K, used 7391K [0x00000000c1000000, 0x00000000c3b00000, 0x00000000eb000000)
  object space 44032K, 16% used [0x00000000c1000000,0x00000000c1737ed0,0x00000000c3b00000)
 Metaspace       used 19301K, capacity 20330K, committed 20480K, reserved 1067008K
  class space    used 2780K, capacity 2983K, committed 3072K, reserved 1048576K
}
Event: 4.022 GC heap before
{Heap before GC invocations=4 (full 0):
 PSYoungGen      total 18944K, used 8277K [0x00000000eb000000, 0x00000000ec500000, 0x0000000100000000)
  eden space 16384K, 35% used [0x00000000eb000000,0x00000000eb59d6d8,0x00000000ec000000)
  from space 2560K, 98% used [0x00000000ec000000,0x00000000ec278020,0x00000000ec280000)
  to   space 2560K, 0% used [0x00000000ec280000,0x00000000ec280000,0x00000000ec500000)
 ParOldGen       total 44032K, used 7391K [0x00000000c1000000, 0x00000000c3b00000, 0x00000000eb000000)
  object space 44032K, 16% used [0x00000000c1000000,0x00000000c1737ed0,0x00000000c3b00000)
 Metaspace       used 20190K, capacity 21238K, committed 21296K, reserved 1067008K
  class space    used 2993K, capacity 3189K, committed 3200K, reserved 1048576K
Event: 4.030 GC heap after
Heap after GC invocations=4 (full 0):
 PSYoungGen      total 18944K, used 2528K [0x00000000eb000000, 0x00000000ed500000, 0x0000000100000000)
  eden space 16384K, 0% used [0x00000000eb000000,0x00000000eb000000,0x00000000ec000000)
  from space 2560K, 98% used [0x00000000ec280000,0x00000000ec4f8020,0x00000000ec500000)
  to   space 2560K, 0% used [0x00000000ec000000,0x00000000ec000000,0x00000000ec280000)
 ParOldGen       total 44032K, used 8023K [0x00000000c1000000, 0x00000000c3b00000, 0x00000000eb000000)
  object space 44032K, 18% used [0x00000000c1000000,0x00000000c17d5ee0,0x00000000c3b00000)
 Metaspace       used 20190K, capacity 21238K, committed 21296K, reserved 1067008K
  class space    used 2993K, capacity 3189K, committed 3200K, reserved 1048576K
}
Event: 4.030 GC heap before
{Heap before GC invocations=5 (full 1):
 PSYoungGen      total 18944K, used 2528K [0x00000000eb000000, 0x00000000ed500000, 0x0000000100000000)
  eden space 16384K, 0% used [0x00000000eb000000,0x00000000eb000000,0x00000000ec000000)
  from space 2560K, 98% used [0x00000000ec280000,0x00000000ec4f8020,0x00000000ec500000)
  to   space 2560K, 0% used [0x00000000ec000000,0x00000000ec000000,0x00000000ec280000)
 ParOldGen       total 44032K, used 8023K [0x00000000c1000000, 0x00000000c3b00000, 0x00000000eb000000)
  object space 44032K, 18% used [0x00000000c1000000,0x00000000c17d5ee0,0x00000000c3b00000)
 Metaspace       used 20190K, capacity 21238K, committed 21296K, reserved 1067008K
  class space    used 2993K, capacity 3189K, committed 3200K, reserved 1048576K
Event: 4.159 GC heap after
Heap after GC invocations=5 (full 1):
 PSYoungGen      total 18944K, used 0K [0x00000000eb000000, 0x00000000ed500000, 0x0000000100000000)
  eden space 16384K, 0% used [0x00000000eb000000,0x00000000eb000000,0x00000000ec000000)
  from space 2560K, 0% used [0x00000000ec280000,0x00000000ec280000,0x00000000ec500000)
  to   space 2560K, 0% used [0x00000000ec000000,0x00000000ec000000,0x00000000ec280000)
 ParOldGen       total 41984K, used 10092K [0x00000000c1000000, 0x00000000c3900000, 0x00000000eb000000)
  object space 41984K, 24% used [0x00000000c1000000,0x00000000c19db220,0x00000000c3900000)
 Metaspace       used 20189K, capacity 21236K, committed 21296K, reserved 1067008K
  class space    used 2993K, capacity 3188K, committed 3200K, reserved 1048576K
}
Event: 4.583 GC heap before
{Heap before GC invocations=6 (full 1):
 PSYoungGen      total 18944K, used 16384K [0x00000000eb000000, 0x00000000ed500000, 0x0000000100000000)
  eden space 16384K, 100% used [0x00000000eb000000,0x00000000ec000000,0x00000000ec000000)
  from space 2560K, 0% used [0x00000000ec280000,0x00000000ec280000,0x00000000ec500000)
  to   space 2560K, 0% used [0x00000000ec000000,0x00000000ec000000,0x00000000ec280000)
 ParOldGen       total 41984K, used 10092K [0x00000000c1000000, 0x00000000c3900000, 0x00000000eb000000)
  object space 41984K, 24% used [0x00000000c1000000,0x00000000c19db220,0x00000000c3900000)
 Metaspace       used 20534K, capacity 21660K, committed 21760K, reserved 1067008K
  class space    used 3044K, capacity 3258K, committed 3328K, reserved 1048576K
Event: 4.589 GC heap after
Heap after GC invocations=6 (full 1):
 PSYoungGen      total 18944K, used 2482K [0x00000000eb000000, 0x00000000ed400000, 0x0000000100000000)
  eden space 16384K, 0% used [0x00000000eb000000,0x00000000eb000000,0x00000000ec000000)
  from space 2560K, 96% used [0x00000000ec000000,0x00000000ec26ca90,0x00000000ec280000)
  to   space 7168K, 0% used [0x00000000ecd00000,0x00000000ecd00000,0x00000000ed400000)
 ParOldGen       total 41984K, used 12542K [0x00000000c1000000, 0x00000000c3900000, 0x00000000eb000000)
  object space 41984K, 29% used [0x00000000c1000000,0x00000000c1c3fb88,0x00000000c3900000)
 Metaspace       used 20534K, capacity 21660K, committed 21760K, reserved 1067008K
  class space    used 3044K, capacity 3258K, committed 3328K, reserved 1048576K
}

