# JRE version: Java(TM) SE Runtime Environment (8.0_31-b13) (build 1.8.0_31-b13)
# Java VM: Java HotSpot(TM) 64-Bit Server VM (25.31-b07 mixed mode windows-amd64 compressed oops)
Heap:
 PSYoungGen      total 35328K, used 18009K [0x00000000eb000000, 0x00000000ed500000, 0x0000000100000000)
  eden space 32768K, 47% used [0x00000000eb000000,0x00000000ebf182c0,0x00000000ed000000)
  from space 2560K, 99% used [0x00000000ed280000,0x00000000ed4fe260,0x00000000ed500000)
  to   space 2560K, 0% used [0x00000000ed000000,0x00000000ed000000,0x00000000ed280000)
 ParOldGen       total 40448K, used 23696K [0x00000000c1000000, 0x00000000c3780000, 0x00000000eb000000)
  object space 40448K, 58% used [0x00000000c1000000,0x00000000c27242f8,0x00000000c3780000)
 Metaspace       used 26655K, capacity 27860K, committed 28032K, reserved 1073152K
  class space    used 3741K, capacity 3966K, committed 3968K, reserved 1048576K
GC Heap History (10 events):
Event: 2.561 GC heap before
{Heap before GC invocations=3 (full 0):
 PSYoungGen      total 18944K, used 18912K [0x00000000eb000000, 0x00000000ec500000, 0x0000000100000000)
  eden space 16384K, 100% used [0x00000000eb000000,0x00000000ec000000,0x00000000ec000000)
  from space 2560K, 98% used [0x00000000ec280000,0x00000000ec4f8020,0x00000000ec500000)
  to   space 2560K, 0% used [0x00000000ec000000,0x00000000ec000000,0x00000000ec280000)
 ParOldGen       total 44032K, used 4904K [0x00000000c1000000, 0x00000000c3b00000, 0x00000000eb000000)
  object space 44032K, 11% used [0x00000000c1000000,0x00000000c14ca1a0,0x00000000c3b00000)
 Metaspace       used 19310K, capacity 20334K, committed 20480K, reserved 1067008K
  class space    used 2782K, capacity 2983K, committed 3072K, reserved 1048576K
Event: 2.573 GC heap after
Heap after GC invocations=3 (full 0):
 PSYoungGen      total 18944K, used 2544K [0x00000000eb000000, 0x00000000ed500000, 0x0000000100000000)
  eden space 16384K, 0% used [0x00000000eb000000,0x00000000eb000000,0x00000000ec000000)
  from space 2560K, 99% used [0x00000000ec000000,0x00000000ec27c020,0x00000000ec280000)
  to   space 2560K, 0% used [0x00000000ed280000,0x00000000ed280000,0x00000000ed500000)
 ParOldGen       total 44032K, used 7323K [0x00000000c1000000, 0x00000000c3b00000, 0x00000000eb000000)
  object space 44032K, 16% used [0x00000000c1000000,0x00000000c1726f18,0x00000000c3b00000)
 Metaspace       used 19310K, capacity 20334K, committed 20480K, reserved 1067008K
  class space    used 2782K, capacity 2983K, committed 3072K, reserved 1048576K
}
Event: 2.718 GC heap before
{Heap before GC invocations=4 (full 0):
 PSYoungGen      total 18944K, used 8195K [0x00000000eb000000, 0x00000000ed500000, 0x0000000100000000)
  eden space 16384K, 34% used [0x00000000eb000000,0x00000000eb584f48,0x00000000ec000000)
  from space 2560K, 99% used [0x00000000ec000000,0x00000000ec27c020,0x00000000ec280000)
  to   space 2560K, 0% used [0x00000000ed280000,0x00000000ed280000,0x00000000ed500000)
 ParOldGen       total 44032K, used 7323K [0x00000000c1000000, 0x00000000c3b00000, 0x00000000eb000000)
  object space 44032K, 16% used [0x00000000c1000000,0x00000000c1726f18,0x00000000c3b00000)
 Metaspace       used 20206K, capacity 21260K, committed 21296K, reserved 1067008K
  class space    used 3003K, capacity 3192K, committed 3200K, reserved 1048576K
Event: 2.727 GC heap after
Heap after GC invocations=4 (full 0):
 PSYoungGen      total 35328K, used 2528K [0x00000000eb000000, 0x00000000ed500000, 0x0000000100000000)
  eden space 32768K, 0% used [0x00000000eb000000,0x00000000eb000000,0x00000000ed000000)
  from space 2560K, 98% used [0x00000000ed280000,0x00000000ed4f8030,0x00000000ed500000)
  to   space 2560K, 0% used [0x00000000ed000000,0x00000000ed000000,0x00000000ed280000)
 ParOldGen       total 44032K, used 7963K [0x00000000c1000000, 0x00000000c3b00000, 0x00000000eb000000)
  object space 44032K, 18% used [0x00000000c1000000,0x00000000c17c6f58,0x00000000c3b00000)
 Metaspace       used 20206K, capacity 21260K, committed 21296K, reserved 1067008K
  class space    used 3003K, capacity 3192K, committed 3200K, reserved 1048576K
}
Event: 2.727 GC heap before
{Heap before GC invocations=5 (full 1):
 PSYoungGen      total 35328K, used 2528K [0x00000000eb000000, 0x00000000ed500000, 0x0000000100000000)
  eden space 32768K, 0% used [0x00000000eb000000,0x00000000eb000000,0x00000000ed000000)
  from space 2560K, 98% used [0x00000000ed280000,0x00000000ed4f8030,0x00000000ed500000)
  to   space 2560K, 0% used [0x00000000ed000000,0x00000000ed000000,0x00000000ed280000)
 ParOldGen       total 44032K, used 7963K [0x00000000c1000000, 0x00000000c3b00000, 0x00000000eb000000)
  object space 44032K, 18% used [0x00000000c1000000,0x00000000c17c6f58,0x00000000c3b00000)
 Metaspace       used 20206K, capacity 21260K, committed 21296K, reserved 1067008K
  class space    used 3003K, capacity 3192K, committed 3200K, reserved 1048576K
Event: 2.832 GC heap after
Heap after GC invocations=5 (full 1):
 PSYoungGen      total 35328K, used 0K [0x00000000eb000000, 0x00000000ed500000, 0x0000000100000000)
  eden space 32768K, 0% used [0x00000000eb000000,0x00000000eb000000,0x00000000ed000000)
  from space 2560K, 0% used [0x00000000ed280000,0x00000000ed280000,0x00000000ed500000)
  to   space 2560K, 0% used [0x00000000ed000000,0x00000000ed000000,0x00000000ed280000)
 ParOldGen       total 40448K, used 8634K [0x00000000c1000000, 0x00000000c3780000, 0x00000000eb000000)
  object space 40448K, 21% used [0x00000000c1000000,0x00000000c186e828,0x00000000c3780000)
 Metaspace       used 20204K, capacity 21258K, committed 21296K, reserved 1067008K
  class space    used 3002K, capacity 3191K, committed 3200K, reserved 1048576K
}
Event: 7.248 GC heap before
{Heap before GC invocations=6 (full 1):
 PSYoungGen      total 35328K, used 32768K [0x00000000eb000000, 0x00000000ed500000, 0x0000000100000000)
  eden space 32768K, 100% used [0x00000000eb000000,0x00000000ed000000,0x00000000ed000000)
  from space 2560K, 0% used [0x00000000ed280000,0x00000000ed280000,0x00000000ed500000)
  to   space 2560K, 0% used [0x00000000ed000000,0x00000000ed000000,0x00000000ed280000)
 ParOldGen       total 40448K, used 8634K [0x00000000c1000000, 0x00000000c3780000, 0x00000000eb000000)
  object space 40448K, 21% used [0x00000000c1000000,0x00000000c186e828,0x00000000c3780000)
 Metaspace       used 22460K, capacity 23606K, committed 23680K, reserved 1069056K
  class space    used 3228K, capacity 3451K, committed 3456K, reserved 1048576K
Event: 7.262 GC heap after
Heap after GC invocations=6 (full 1):
 PSYoungGen      total 35328K, used 2553K [0x00000000eb000000, 0x00000000ed500000, 0x0000000100000000)
  eden space 32768K, 0% used [0x00000000eb000000,0x00000000eb000000,0x00000000ed000000)
  from space 2560K, 99% used [0x00000000ed000000,0x00000000ed27e6e0,0x00000000ed280000)
  to   space 2560K, 0% used [0x00000000ed280000,0x00000000ed280000,0x00000000ed500000)
 ParOldGen       total 40448K, used 15992K [0x00000000c1000000, 0x00000000c3780000, 0x00000000eb000000)
  object space 40448K, 39% used [0x00000000c1000000,0x00000000c1f9e3b0,0x00000000c3780000)
 Metaspace       used 22460K, capacity 23606K, committed 23680K, reserved 1069056K
  class space    used 3228K, capacity 3451K, committed 3456K, reserved 1048576K
}
Event: 19.382 GC heap before
{Heap before GC invocations=7 (full 1):
 PSYoungGen      total 35328K, used 35288K [0x00000000eb000000, 0x00000000ed500000, 0x0000000100000000)
  eden space 32768K, 99% used [0x00000000eb000000,0x00000000ecff79c8,0x00000000ed000000)
  from space 2560K, 99% used [0x00000000ed000000,0x00000000ed27e6e0,0x00000000ed280000)
  to   space 2560K, 0% used [0x00000000ed280000,0x00000000ed280000,0x00000000ed500000)
 ParOldGen       total 40448K, used 15992K [0x00000000c1000000, 0x00000000c3780000, 0x00000000eb000000)
  object space 40448K, 39% used [0x00000000c1000000,0x00000000c1f9e3b0,0x00000000c3780000)
 Metaspace       used 26542K, capacity 27718K, committed 27776K, reserved 1073152K
  class space    used 3738K, capacity 3961K, committed 3968K, reserved 1048576K
Event: 19.397 GC heap after
Heap after GC invocations=7 (full 1):
 PSYoungGen      total 35328K, used 2552K [0x00000000eb000000, 0x00000000ed500000, 0x0000000100000000)
  eden space 32768K, 0% used [0x00000000eb000000,0x00000000eb000000,0x00000000ed000000)
  from space 2560K, 99% used [0x00000000ed280000,0x00000000ed4fe260,0x00000000ed500000)
  to   space 2560K, 0% used [0x00000000ed000000,0x00000000ed000000,0x00000000ed280000)
 ParOldGen       total 40448K, used 23696K [0x00000000c1000000, 0x00000000c3780000, 0x00000000eb000000)
  object space 40448K, 58% used [0x00000000c1000000,0x00000000c27242f8,0x00000000c3780000)
 Metaspace       used 26542K, capacity 27718K, committed 27776K, reserved 1073152K
  class space    used 3738K, capacity 3961K, committed 3968K, reserved 1048576K
}

