# JRE version: Java(TM) SE Runtime Environment (8.0_31-b13) (build 1.8.0_31-b13)
# Java VM: Java HotSpot(TM) 64-Bit Server VM (25.31-b07 mixed mode windows-amd64 compressed oops)
Heap:
 PSYoungGen      total 18944K, used 8052K [0x00000000eb000000, 0x00000000ec500000, 0x0000000100000000)
  eden space 16384K, 33% used [0x00000000eb000000,0x00000000eb568788,0x00000000ec000000)
  from space 2560K, 98% used [0x00000000ec000000,0x00000000ec274a90,0x00000000ec280000)
  to   space 2560K, 0% used [0x00000000ec280000,0x00000000ec280000,0x00000000ec500000)
 ParOldGen       total 41472K, used 12548K [0x00000000c1000000, 0x00000000c3880000, 0x00000000eb000000)
  object space 41472K, 30% used [0x00000000c1000000,0x00000000c1c41090,0x00000000c3880000)
 Metaspace       used 20915K, capacity 22012K, committed 22272K, reserved 1069056K
  class space    used 3084K, capacity 3290K, committed 3328K, reserved 1048576K
GC Heap History (10 events):
Event: 3.611 GC heap before
{Heap before GC invocations=2 (full 0):
 PSYoungGen      total 18944K, used 18916K [0x00000000eb000000, 0x00000000ec500000, 0x0000000100000000)
  eden space 16384K, 100% used [0x00000000eb000000,0x00000000ec000000,0x00000000ec000000)
  from space 2560K, 98% used [0x00000000ec000000,0x00000000ec279370,0x00000000ec280000)
  to   space 2560K, 0% used [0x00000000ec280000,0x00000000ec280000,0x00000000ec500000)
 ParOldGen       total 44032K, used 474K [0x00000000c1000000, 0x00000000c3b00000, 0x00000000eb000000)
  object space 44032K, 1% used [0x00000000c1000000,0x00000000c1076a48,0x00000000c3b00000)
 Metaspace       used 16721K, capacity 17326K, committed 17408K, reserved 1064960K
  class space    used 2350K, capacity 2511K, committed 2560K, reserved 1048576K
Event: 3.623 GC heap after
Heap after GC invocations=2 (full 0):
 PSYoungGen      total 18944K, used 2544K [0x00000000eb000000, 0x00000000ec500000, 0x0000000100000000)
  eden space 16384K, 0% used [0x00000000eb000000,0x00000000eb000000,0x00000000ec000000)
  from space 2560K, 99% used [0x00000000ec280000,0x00000000ec4fc030,0x00000000ec500000)
  to   space 2560K, 0% used [0x00000000ec000000,0x00000000ec000000,0x00000000ec280000)
 ParOldGen       total 44032K, used 4854K [0x00000000c1000000, 0x00000000c3b00000, 0x00000000eb000000)
  object space 44032K, 11% used [0x00000000c1000000,0x00000000c14bdbb8,0x00000000c3b00000)
 Metaspace       used 16721K, capacity 17326K, committed 17408K, reserved 1064960K
  class space    used 2350K, capacity 2511K, committed 2560K, reserved 1048576K
}
Event: 4.312 GC heap before
{Heap before GC invocations=3 (full 0):
 PSYoungGen      total 18944K, used 18928K [0x00000000eb000000, 0x00000000ec500000, 0x0000000100000000)
  eden space 16384K, 100% used [0x00000000eb000000,0x00000000ec000000,0x00000000ec000000)
  from space 2560K, 99% used [0x00000000ec280000,0x00000000ec4fc030,0x00000000ec500000)
  to   space 2560K, 0% used [0x00000000ec000000,0x00000000ec000000,0x00000000ec280000)
 ParOldGen       total 44032K, used 4854K [0x00000000c1000000, 0x00000000c3b00000, 0x00000000eb000000)
  object space 44032K, 11% used [0x00000000c1000000,0x00000000c14bdbb8,0x00000000c3b00000)
 Metaspace       used 19297K, capacity 20270K, committed 20480K, reserved 1067008K
  class space    used 2785K, capacity 2983K, committed 3072K, reserved 1048576K
Event: 4.320 GC heap after
Heap after GC invocations=3 (full 0):
 PSYoungGen      total 18944K, used 2530K [0x00000000eb000000, 0x00000000ec500000, 0x0000000100000000)
  eden space 16384K, 0% used [0x00000000eb000000,0x00000000eb000000,0x00000000ec000000)
  from space 2560K, 98% used [0x00000000ec000000,0x00000000ec2788d0,0x00000000ec280000)
  to   space 2560K, 0% used [0x00000000ec280000,0x00000000ec280000,0x00000000ec500000)
 ParOldGen       total 44032K, used 7356K [0x00000000c1000000, 0x00000000c3b00000, 0x00000000eb000000)
  object space 44032K, 16% used [0x00000000c1000000,0x00000000c172f0f8,0x00000000c3b00000)
 Metaspace       used 19297K, capacity 20270K, committed 20480K, reserved 1067008K
  class space    used 2785K, capacity 2983K, committed 3072K, reserved 1048576K
}
Event: 4.453 GC heap before
{Heap before GC invocations=4 (full 0):
 PSYoungGen      total 18944K, used 8172K [0x00000000eb000000, 0x00000000ec500000, 0x0000000100000000)
  eden space 16384K, 34% used [0x00000000eb000000,0x00000000eb582ac0,0x00000000ec000000)
  from space 2560K, 98% used [0x00000000ec000000,0x00000000ec2788d0,0x00000000ec280000)
  to   space 2560K, 0% used [0x00000000ec280000,0x00000000ec280000,0x00000000ec500000)
 ParOldGen       total 44032K, used 7356K [0x00000000c1000000, 0x00000000c3b00000, 0x00000000eb000000)
  object space 44032K, 16% used [0x00000000c1000000,0x00000000c172f0f8,0x00000000c3b00000)
 Metaspace       used 20172K, capacity 21242K, committed 21296K, reserved 1067008K
  class space    used 2999K, capacity 3189K, committed 3200K, reserved 1048576K
Event: 4.462 GC heap after
Heap after GC invocations=4 (full 0):
 PSYoungGen      total 18944K, used 2530K [0x00000000eb000000, 0x00000000ec500000, 0x0000000100000000)
  eden space 16384K, 0% used [0x00000000eb000000,0x00000000eb000000,0x00000000ec000000)
  from space 2560K, 98% used [0x00000000ec280000,0x00000000ec4f88d0,0x00000000ec500000)
  to   space 2560K, 0% used [0x00000000ec000000,0x00000000ec000000,0x00000000ec280000)
 ParOldGen       total 44032K, used 7996K [0x00000000c1000000, 0x00000000c3b00000, 0x00000000eb000000)
  object space 44032K, 18% used [0x00000000c1000000,0x00000000c17cf108,0x00000000c3b00000)
 Metaspace       used 20172K, capacity 21242K, committed 21296K, reserved 1067008K
  class space    used 2999K, capacity 3189K, committed 3200K, reserved 1048576K
}
Event: 4.462 GC heap before
{Heap before GC invocations=5 (full 1):
 PSYoungGen      total 18944K, used 2530K [0x00000000eb000000, 0x00000000ec500000, 0x0000000100000000)
  eden space 16384K, 0% used [0x00000000eb000000,0x00000000eb000000,0x00000000ec000000)
  from space 2560K, 98% used [0x00000000ec280000,0x00000000ec4f88d0,0x00000000ec500000)
  to   space 2560K, 0% used [0x00000000ec000000,0x00000000ec000000,0x00000000ec280000)
 ParOldGen       total 44032K, used 7996K [0x00000000c1000000, 0x00000000c3b00000, 0x00000000eb000000)
  object space 44032K, 18% used [0x00000000c1000000,0x00000000c17cf108,0x00000000c3b00000)
 Metaspace       used 20172K, capacity 21242K, committed 21296K, reserved 1067008K
  class space    used 2999K, capacity 3189K, committed 3200K, reserved 1048576K
Event: 4.592 GC heap after
Heap after GC invocations=5 (full 1):
 PSYoungGen      total 18944K, used 0K [0x00000000eb000000, 0x00000000ec500000, 0x0000000100000000)
  eden space 16384K, 0% used [0x00000000eb000000,0x00000000eb000000,0x00000000ec000000)
  from space 2560K, 0% used [0x00000000ec280000,0x00000000ec280000,0x00000000ec500000)
  to   space 2560K, 0% used [0x00000000ec000000,0x00000000ec000000,0x00000000ec280000)
 ParOldGen       total 41472K, used 10089K [0x00000000c1000000, 0x00000000c3880000, 0x00000000eb000000)
  object space 41472K, 24% used [0x00000000c1000000,0x00000000c19da728,0x00000000c3880000)
 Metaspace       used 20171K, capacity 21240K, committed 21296K, reserved 1067008K
  class space    used 2998K, capacity 3188K, committed 3200K, reserved 1048576K
}
Event: 5.032 GC heap before
{Heap before GC invocations=6 (full 1):
 PSYoungGen      total 18944K, used 16384K [0x00000000eb000000, 0x00000000ec500000, 0x0000000100000000)
  eden space 16384K, 100% used [0x00000000eb000000,0x00000000ec000000,0x00000000ec000000)
  from space 2560K, 0% used [0x00000000ec280000,0x00000000ec280000,0x00000000ec500000)
  to   space 2560K, 0% used [0x00000000ec000000,0x00000000ec000000,0x00000000ec280000)
 ParOldGen       total 41472K, used 10089K [0x00000000c1000000, 0x00000000c3880000, 0x00000000eb000000)
  object space 41472K, 24% used [0x00000000c1000000,0x00000000c19da728,0x00000000c3880000)
 Metaspace       used 20518K, capacity 21596K, committed 21680K, reserved 1067008K
  class space    used 3046K, capacity 3258K, committed 3328K, reserved 1048576K
Event: 5.037 GC heap after
Heap after GC invocations=6 (full 1):
 PSYoungGen      total 18944K, used 2514K [0x00000000eb000000, 0x00000000ec500000, 0x0000000100000000)
  eden space 16384K, 0% used [0x00000000eb000000,0x00000000eb000000,0x00000000ec000000)
  from space 2560K, 98% used [0x00000000ec000000,0x00000000ec274a90,0x00000000ec280000)
  to   space 2560K, 0% used [0x00000000ec280000,0x00000000ec280000,0x00000000ec500000)
 ParOldGen       total 41472K, used 12548K [0x00000000c1000000, 0x00000000c3880000, 0x00000000eb000000)
  object space 41472K, 30% used [0x00000000c1000000,0x00000000c1c41090,0x00000000c3880000)
 Metaspace       used 20518K, capacity 21596K, committed 21680K, reserved 1067008K
  class space    used 3046K, capacity 3258K, committed 3328K, reserved 1048576K
}

